DATA (005E3F90) 00000000 (0)
DATA (005E3F94) 0011F3EC (1176556)
DATA (005E3F98) 005E3FA8 (6176680)
DATA (005E3F9C) 005E3F9C (6176668)
DATA (005E3FA0) 00000000 (0)
DATA (005E3FA4) 00000000 (0)

FP   (005E3FA8) 005E3FD8 (6176728)
RET  0x100FB0
DATA (005E3FB0) 00000005 (5)
DATA (005E3FB4) 00000000 (0)
DATA (005E3FB8) 00000000 (0)
DATA (005E3FBC) 00000000 (0)
DATA (005E3FC0) 00000000 (0)
DATA (005E3FC4) 00000000 (0)
DATA (005E3FC8) 00000000 (0)
DATA (005E3FCC) 00000000 (0)
DATA (005E3FD0) 00000000 (0)
DATA (005E3FD4) 005E3FF0 (6176752)

FP   (005E3FD8) 005E3FE8 (6176744)
RET  0x102940
DATA (005E3FE0) 00000000 (0)
DATA (005E3FE4) 005E3FFC (6176764)

FP   (005E3FE8) 005E3FFC (6176764)
RET  0x104B8C
DATA (005E3FF0) 005E3FFC (6176764)
DATA (005E3FF4) 0010292A (1059114)
DATA (005E3FF8) 00104B8C (1067916)
STACKMAGIC (should be A0AAAA9): A0AAAA9

